D:\COCOS2D-X-2.2.6\PROJECTS\DOUDIZHU\PROJ.WIN32\DEBUG.WIN32\APPDELEGATE.OBJ
D:\COCOS2D-X-2.2.6\PROJECTS\DOUDIZHU\PROJ.WIN32\DEBUG.WIN32\GAMESCENE.OBJ
D:\COCOS2D-X-2.2.6\PROJECTS\DOUDIZHU\PROJ.WIN32\DEBUG.WIN32\MUSIC.OBJ
D:\COCOS2D-X-2.2.6\PROJECTS\DOUDIZHU\PROJ.WIN32\DEBUG.WIN32\PLAYER.OBJ
D:\COCOS2D-X-2.2.6\PROJECTS\DOUDIZHU\PROJ.WIN32\DEBUG.WIN32\POKER.OBJ
D:\COCOS2D-X-2.2.6\PROJECTS\DOUDIZHU\PROJ.WIN32\DEBUG.WIN32\TOOL.OBJ
D:\COCOS2D-X-2.2.6\PROJECTS\DOUDIZHU\PROJ.WIN32\DEBUG.WIN32\MAIN.OBJ
D:\COCOS2D-X-2.2.6\PROJECTS\DOUDIZHU\PROJ.WIN32\DEBUG.WIN32\VC110.PDB
D:\cocos2d-x-2.2.6\projects\DouDiZhu\proj.win32\Debug.win32\AppDelegate.obj
D:\cocos2d-x-2.2.6\projects\DouDiZhu\proj.win32\Debug.win32\GameScene.obj
D:\cocos2d-x-2.2.6\projects\DouDiZhu\proj.win32\Debug.win32\main.obj
D:\cocos2d-x-2.2.6\projects\DouDiZhu\proj.win32\Debug.win32\Music.obj
D:\cocos2d-x-2.2.6\projects\DouDiZhu\proj.win32\Debug.win32\Player.obj
D:\cocos2d-x-2.2.6\projects\DouDiZhu\proj.win32\Debug.win32\Poker.obj
D:\cocos2d-x-2.2.6\projects\DouDiZhu\proj.win32\Debug.win32\Tool.obj
D:\cocos2d-x-2.2.6\projects\DouDiZhu\proj.win32\Debug.win32\cl.command.1.tlog
D:\cocos2d-x-2.2.6\projects\DouDiZhu\proj.win32\Debug.win32\CL.read.1.tlog
D:\cocos2d-x-2.2.6\projects\DouDiZhu\proj.win32\Debug.win32\CL.write.1.tlog
D:\cocos2d-x-2.2.6\projects\DouDiZhu\proj.win32\Debug.win32\link-cvtres.read.1.tlog
D:\cocos2d-x-2.2.6\projects\DouDiZhu\proj.win32\Debug.win32\link-cvtres.write.1.tlog
D:\cocos2d-x-2.2.6\projects\DouDiZhu\proj.win32\Debug.win32\link-rc.read.1.tlog
D:\cocos2d-x-2.2.6\projects\DouDiZhu\proj.win32\Debug.win32\link-rc.write.1.tlog
D:\cocos2d-x-2.2.6\projects\DouDiZhu\proj.win32\Debug.win32\link.command.1.tlog
D:\cocos2d-x-2.2.6\projects\DouDiZhu\proj.win32\Debug.win32\link.read.1.tlog
D:\cocos2d-x-2.2.6\projects\DouDiZhu\proj.win32\Debug.win32\link.write.1.tlog
D:\cocos2d-x-2.2.6\projects\DouDiZhu\proj.win32\Debug.win32\vc110.idb
D:\cocos2d-x-2.2.6\projects\DouDiZhu\proj.win32\Debug.win32\DouDiZhu.pdb
D:\cocos2d-x-2.2.6\projects\DouDiZhu\proj.win32\Debug.win32\vc110.pdb
